<?xml version="1.0" encoding="UTF-8"?>
<coverage generated="1600157139442" clover="3.2.0">
  <project timestamp="1600157139442" name="All files">
    <metrics statements="34" coveredstatements="27" conditionals="17" coveredconditionals="13" methods="9" coveredmethods="5" elements="60" coveredelements="45" complexity="0" loc="34" ncloc="34" packages="1" files="2" classes="2"/>
    <file name="RewardContext.tsx" path="/Users/parinya/dev/challenger-mobile/src/lib/RewardContext.tsx">
      <metrics statements="21" coveredstatements="17" conditionals="14" coveredconditionals="10" methods="5" coveredmethods="3"/>
      <line num="42" count="1" type="stmt"/>
      <line num="73" count="1" type="stmt"/>
      <line num="75" count="0" type="stmt"/>
      <line num="78" count="1" type="stmt"/>
      <line num="79" count="6" type="stmt"/>
      <line num="80" count="6" type="stmt"/>
      <line num="82" count="6" type="cond" truecount="4" falsecount="0"/>
      <line num="84" count="1" type="cond" truecount="1" falsecount="1"/>
      <line num="85" count="1" type="stmt"/>
      <line num="91" count="2" type="cond" truecount="1" falsecount="1"/>
      <line num="92" count="2" type="stmt"/>
      <line num="94" count="10" type="cond" truecount="2" falsecount="0"/>
      <line num="98" count="1" type="cond" truecount="1" falsecount="1"/>
      <line num="99" count="1" type="stmt"/>
      <line num="101" count="5" type="stmt"/>
      <line num="105" count="2" type="cond" truecount="1" falsecount="1"/>
      <line num="106" count="2" type="stmt"/>
      <line num="112" count="0" type="stmt"/>
      <line num="115" count="1" type="stmt"/>
      <line num="116" count="0" type="stmt"/>
      <line num="117" count="0" type="stmt"/>
    </file>
    <file name="RewardFormContext.tsx" path="/Users/parinya/dev/challenger-mobile/src/lib/RewardFormContext.tsx">
      <metrics statements="13" coveredstatements="10" conditionals="3" coveredconditionals="3" methods="4" coveredmethods="2"/>
      <line num="19" count="1" type="stmt"/>
      <line num="23" count="4" type="stmt"/>
      <line num="29" count="1" type="stmt"/>
      <line num="34" count="1" type="stmt"/>
      <line num="36" count="0" type="stmt"/>
      <line num="39" count="1" type="stmt"/>
      <line num="42" count="0" type="stmt"/>
      <line num="43" count="0" type="stmt"/>
      <line num="50" count="1" type="stmt"/>
      <line num="51" count="4" type="stmt"/>
      <line num="52" count="4" type="stmt"/>
      <line num="53" count="4" type="stmt"/>
      <line num="55" count="4" type="cond" truecount="3" falsecount="0"/>
    </file>
  </project>
</coverage>
