TN:
SF:src/lib/RewardContext.tsx
FN:75,(anonymous_0)
FN:78,(anonymous_1)
FN:94,(anonymous_2)
FN:101,(anonymous_3)
FN:115,(anonymous_4)
FNF:5
FNH:3
FNDA:0,(anonymous_0)
FNDA:6,(anonymous_1)
FNDA:10,(anonymous_2)
FNDA:5,(anonymous_3)
FNDA:0,(anonymous_4)
DA:42,1
DA:73,1
DA:75,0
DA:78,1
DA:79,6
DA:80,6
DA:82,6
DA:84,1
DA:85,1
DA:91,2
DA:92,2
DA:94,10
DA:98,1
DA:99,1
DA:101,5
DA:105,2
DA:106,2
DA:112,0
DA:115,1
DA:116,0
DA:117,0
LF:21
LH:17
BRDA:82,0,0,1
BRDA:82,0,1,2
BRDA:82,0,2,1
BRDA:82,0,3,2
BRDA:84,1,0,0
BRDA:84,1,1,1
BRDA:91,2,0,0
BRDA:91,2,1,2
BRDA:94,3,0,2
BRDA:94,3,1,8
BRDA:98,4,0,0
BRDA:98,4,1,1
BRDA:105,5,0,0
BRDA:105,5,1,2
BRF:14
BRH:10
end_of_record
TN:
SF:src/lib/RewardFormContext.tsx
FN:19,(anonymous_0)
FN:36,(anonymous_1)
FN:39,(anonymous_2)
FN:50,(anonymous_3)
FNF:4
FNH:2
FNDA:4,(anonymous_0)
FNDA:0,(anonymous_1)
FNDA:0,(anonymous_2)
FNDA:4,(anonymous_3)
DA:19,1
DA:23,4
DA:29,1
DA:34,1
DA:36,0
DA:39,1
DA:42,0
DA:43,0
DA:50,1
DA:51,4
DA:52,4
DA:53,4
DA:55,4
LF:13
LH:10
BRDA:55,0,0,4
BRDA:55,0,1,2
BRDA:55,0,2,2
BRF:3
BRH:3
end_of_record
